<?xml version="1.0" encoding="UTF-8"?>
<!-- Generated by org.testng.reporters.JUnitReportReporter -->
<testsuite hostname="user-PC" name="com.qa.tests.DemoTest" tests="1" failures="0" timestamp="29 Apr 2018 09:26:00 GMT" time="0.050" errors="0">
  <testcase name="sum" time="0.050" classname="com.qa.tests.DemoTest"/>
</testsuite> <!-- com.qa.tests.DemoTest -->
